<?xml version="1.0" encoding="utf-8"?><testsuites name="pytest tests"><testsuite name="pytest" errors="0" failures="0" skipped="0" tests="8" time="0.077" timestamp="2026-06-07T08:43:21.835673+00:00" hostname="agent-env-a6d374ed-287e-4b50-b157-e1fd26f24a45"><testcase classname="backend.tests.test_iter15_saga_voice" name="test_saga_voice_default" time="0.004" /><testcase classname="backend.tests.test_iter15_saga_voice" name="test_saga_voice_per_saga[mq-wayfarer]" time="0.002" /><testcase classname="backend.tests.test_iter15_saga_voice" name="test_saga_voice_per_saga[mq-cascade]" time="0.002" /><testcase classname="backend.tests.test_iter15_saga_voice" name="test_saga_voice_per_saga[mq-heritage]" time="0.002" /><testcase classname="backend.tests.test_iter15_saga_voice" name="test_saga_voice_per_saga[mq-compleat]" time="0.002" /><testcase classname="backend.tests.test_iter15_saga_voice" name="test_saga_voice_unknown_falls_back" time="0.002" /><testcase classname="backend.tests.test_iter15_saga_voice" name="test_saga_voice_is_cached" time="0.003" /><testcase classname="backend.tests.test_iter15_saga_voice" name="test_saga_voice_no_auth_required" time="0.001" /></testsuite></testsuites>