<?xml version="1.0" encoding="utf-8"?><testsuites name="pytest tests"><testsuite name="pytest" errors="0" failures="0" skipped="0" tests="21" time="2.526" timestamp="2026-06-07T08:32:25.440334+00:00" hostname="agent-env-a6d374ed-287e-4b50-b157-e1fd26f24a45"><testcase classname="backend.tests.test_iter14_admin_polish.TestAdminAuthGate" name="test_no_auth_rejected" time="0.332" /><testcase classname="backend.tests.test_iter14_admin_polish.TestAdminAuthGate" name="test_player_role_rejected" time="0.481" /><testcase classname="backend.tests.test_iter14_admin_polish.TestToursCRUD" name="test_create_tour" time="0.363" /><testcase classname="backend.tests.test_iter14_admin_polish.TestToursCRUD" name="test_duplicate_tour_returns_409" time="0.083" /><testcase classname="backend.tests.test_iter14_admin_polish.TestToursCRUD" name="test_patch_tour" time="0.083" /><testcase classname="backend.tests.test_iter14_admin_polish.TestToursCRUD" name="test_delete_refuses_with_active_booking" time="0.128" /><testcase classname="backend.tests.test_iter14_admin_polish.TestToursCRUD" name="test_delete_after_no_active_booking" time="0.121" /><testcase classname="backend.tests.test_iter14_admin_polish.TestBookingsCsvExport" name="test_export_csv" time="0.045" /><testcase classname="backend.tests.test_iter14_admin_polish.TestRewardsCRUD" name="test_list_rewards" time="0.045" /><testcase classname="backend.tests.test_iter14_admin_polish.TestRewardsCRUD" name="test_create_reward" time="0.038" /><testcase classname="backend.tests.test_iter14_admin_polish.TestRewardsCRUD" name="test_duplicate_reward_returns_409" time="0.071" /><testcase classname="backend.tests.test_iter14_admin_polish.TestRewardsCRUD" name="test_invalid_type_rejected" time="0.030" /><testcase classname="backend.tests.test_iter14_admin_polish.TestRewardsCRUD" name="test_patch_reward" time="0.040" /><testcase classname="backend.tests.test_iter14_admin_polish.TestRewardsCRUD" name="test_delete_reward" time="0.032" /><testcase classname="backend.tests.test_iter14_admin_polish.TestAdvisoriesCRUD" name="test_list_advisories" time="0.082" /><testcase classname="backend.tests.test_iter14_admin_polish.TestAdvisoriesCRUD" name="test_create_advisory" time="0.075" /><testcase classname="backend.tests.test_iter14_admin_polish.TestAdvisoriesCRUD" name="test_invalid_status_rejected" time="0.068" /><testcase classname="backend.tests.test_iter14_admin_polish.TestAdvisoriesCRUD" name="test_info_transport_shows_advisory" time="0.090" /><testcase classname="backend.tests.test_iter14_admin_polish.TestAdvisoriesCRUD" name="test_patch_advisory" time="0.034" /><testcase classname="backend.tests.test_iter14_admin_polish.TestAdvisoriesCRUD" name="test_delete_advisory_and_info_transport_clears" time="0.114" /><testcase classname="backend.tests.test_iter14_admin_polish" name="test_zz_cleanup" time="0.079" /></testsuite></testsuites>