<?xml version="1.0" encoding="utf-8"?><testsuites name="pytest tests"><testsuite name="pytest" errors="0" failures="0" skipped="0" tests="10" time="2.073" timestamp="2026-06-07T07:28:12.238666+00:00" hostname="agent-env-a6d374ed-287e-4b50-b157-e1fd26f24a45"><testcase classname="backend.tests.test_meteo.TestMeteoEndpointShape" name="test_status_200" time="1.088" /><testcase classname="backend.tests.test_meteo.TestMeteoEndpointShape" name="test_top_level_keys" time="0.000" /><testcase classname="backend.tests.test_meteo.TestMeteoEndpointShape" name="test_no_auth_required" time="0.120" /><testcase classname="backend.tests.test_meteo.TestMeteoTrails" name="test_four_trails" time="0.000" /><testcase classname="backend.tests.test_meteo.TestMeteoTrails" name="test_trail_ids" time="0.000" /><testcase classname="backend.tests.test_meteo.TestMeteoTrails" name="test_trail_fields" time="0.000" /><testcase classname="backend.tests.test_meteo.TestMeteoWeatherAndForecast" name="test_weather_fields" time="0.000" /><testcase classname="backend.tests.test_meteo.TestMeteoWeatherAndForecast" name="test_forecast_array" time="0.000" /><testcase classname="backend.tests.test_meteo.TestMeteoCache" name="test_cache_returns_same_updated_at" time="0.697" /><testcase classname="backend.tests.test_meteo.TestMeteoCache" name="test_endpoint_does_not_500" time="0.102" /></testsuite></testsuites>