<?xml version="1.0" encoding="utf-8"?><testsuites name="pytest tests"><testsuite name="pytest" errors="0" failures="0" skipped="0" tests="16" time="7.650" timestamp="2026-06-06T00:40:11.721295+00:00" hostname="agent-env-a6d374ed-287e-4b50-b157-e1fd26f24a45"><testcase classname="backend.tests.test_iteration3_checkin.TestPublicToursNoPin" name="test_list_tours_excludes_guide_pin" time="0.500" /><testcase classname="backend.tests.test_iteration3_checkin.TestPublicToursNoPin" name="test_get_tour_excludes_guide_pin" time="0.598" /><testcase classname="backend.tests.test_iteration3_checkin.TestAdminTours" name="test_admin_tours_blocks_anonymous" time="0.112" /><testcase classname="backend.tests.test_iteration3_checkin.TestAdminTours" name="test_admin_tours_blocks_player" time="0.395" /><testcase classname="backend.tests.test_iteration3_checkin.TestAdminTours" name="test_admin_tours_returns_pins" time="0.315" /><testcase classname="backend.tests.test_iteration3_checkin.TestCompleteAdminOnly" name="test_player_complete_forbidden" time="0.107" /><testcase classname="backend.tests.test_iteration3_checkin.TestCompleteAdminOnly" name="test_admin_can_force_complete" time="0.098" /><testcase classname="backend.tests.test_iteration3_checkin.TestCheckIn" name="test_checkin_correct_pin" time="0.533" /><testcase classname="backend.tests.test_iteration3_checkin.TestCheckIn" name="test_checkin_wrong_pin" time="0.429" /><testcase classname="backend.tests.test_iteration3_checkin.TestCheckIn" name="test_checkin_case_insensitive" time="0.436" /><testcase classname="backend.tests.test_iteration3_checkin.TestCheckIn" name="test_checkin_other_users_booking_forbidden" time="0.650" /><testcase classname="backend.tests.test_iteration3_checkin.TestCheckIn" name="test_checkin_nonexistent_booking" time="0.376" /><testcase classname="backend.tests.test_iteration3_checkin.TestCheckIn" name="test_checkin_unauthenticated" time="0.061" /><testcase classname="backend.tests.test_iteration3_checkin.TestCheckIn" name="test_all_pins_work" time="2.264" /><testcase classname="backend.tests.test_iteration3_checkin.TestAvatarSwap" name="test_patch_me_avatar_updates_and_persists" time="0.633" /><testcase classname="backend.tests.test_iteration3_checkin.TestAvatarSwap" name="test_patch_me_unauthenticated" time="0.060" /></testsuite></testsuites>