<?xml version="1.0" encoding="utf-8"?><testsuites name="pytest tests"><testsuite name="pytest" errors="0" failures="0" skipped="0" tests="16" time="1.664" timestamp="2026-06-07T04:08:48.325286+00:00" hostname="agent-env-a6d374ed-287e-4b50-b157-e1fd26f24a45"><testcase classname="backend.tests.test_iter8_self_guided.TestA1ListJourneys" name="test_list_returns_three_seeded_journeys" time="0.510" /><testcase classname="backend.tests.test_iter8_self_guided.TestA1ListJourneys" name="test_titles_match_spec" time="0.037" /><testcase classname="backend.tests.test_iter8_self_guided.TestA1ListJourneys" name="test_no_mongo_id_leaked" time="0.035" /><testcase classname="backend.tests.test_iter8_self_guided.TestA2StartJourney" name="test_start_sets_active" time="0.114" /><testcase classname="backend.tests.test_iter8_self_guided.TestA3Checkin" name="test_checkin_stop1_not_finished" time="0.076" /><testcase classname="backend.tests.test_iter8_self_guided.TestA3Checkin" name="test_checkin_stop2_not_finished" time="0.080" /><testcase classname="backend.tests.test_iter8_self_guided.TestA3Checkin" name="test_checkin_stop3_finishes_with_full_epilogue" time="0.080" /><testcase classname="backend.tests.test_iter8_self_guided.TestA3Checkin" name="test_repeated_final_checkin_does_not_re_award_xp" time="0.073" /><testcase classname="backend.tests.test_iter8_self_guided.TestA4EpilogueAudio" name="test_epilogue_audio_public_returns_mp3" time="0.304" /><testcase classname="backend.tests.test_iter8_self_guided.TestD1IntroAudioVariants" name="test_intro_with_dusk_rain" time="0.036" /><testcase classname="backend.tests.test_iter8_self_guided.TestD1IntroAudioVariants" name="test_intro_no_params_uses_default_cache" time="0.034" /><testcase classname="backend.tests.test_iter8_self_guided.TestD2EpilogueVariant" name="test_epilogue_night_clear" time="0.032" /><testcase classname="backend.tests.test_iter8_self_guided.TestD3StopAudioVariant" name="test_stop_golden_hour_cloudy" time="0.030" /><testcase classname="backend.tests.test_iter8_self_guided.TestD3StopAudioVariant" name="test_stop_different_combos_distinct_cache_files" time="0.037" /><testcase classname="backend.tests.test_iter8_self_guided.TestD4InvalidParamsFallback" name="test_invalid_tod_weather_falls_back_to_default" time="0.038" /><testcase classname="backend.tests.test_iter8_self_guided.TestD5CacheHitSpeed" name="test_second_call_is_fast" time="0.062" /></testsuite></testsuites>