<?xml version="1.0" encoding="utf-8"?><testsuites name="pytest tests"><testsuite name="pytest" errors="0" failures="0" skipped="0" tests="14" time="2.007" timestamp="2026-06-06T07:31:31.395223+00:00" hostname="agent-env-a6d374ed-287e-4b50-b157-e1fd26f24a45"><testcase classname="backend.tests.test_iter7_main_quests.TestToursCatalog" name="test_new_tours_present" time="0.387" /><testcase classname="backend.tests.test_iter7_main_quests.TestToursCatalog" name="test_pl_venue_fields" time="0.033" /><testcase classname="backend.tests.test_iter7_main_quests.TestListMainQuests" name="test_returns_4_quests_with_schema" time="0.372" /><testcase classname="backend.tests.test_iter7_main_quests.TestListMainQuests" name="test_no_mongo_id_leaked" time="0.042" /><testcase classname="backend.tests.test_iter7_main_quests.TestEnrolFocusUnenroll" name="test_unauthenticated_post_returns_401" time="0.109" /><testcase classname="backend.tests.test_iter7_main_quests.TestEnrolFocusUnenroll" name="test_first_enroll_auto_focuses" time="0.072" /><testcase classname="backend.tests.test_iter7_main_quests.TestEnrolFocusUnenroll" name="test_second_enroll_does_not_change_focus" time="0.120" /><testcase classname="backend.tests.test_iter7_main_quests.TestEnrolFocusUnenroll" name="test_explicit_focus_switches" time="0.097" /><testcase classname="backend.tests.test_iter7_main_quests.TestEnrolFocusUnenroll" name="test_focus_auto_enrols_if_not_enrolled" time="0.104" /><testcase classname="backend.tests.test_iter7_main_quests.TestEnrolFocusUnenroll" name="test_unenroll_focused_reassigns" time="0.076" /><testcase classname="backend.tests.test_iter7_main_quests.TestEnrolFocusUnenroll" name="test_unenroll_all_clears_focus" time="0.152" /><testcase classname="backend.tests.test_iter7_main_quests.TestEnrolFocusUnenroll" name="test_enroll_unknown_quest_404" time="0.072" /><testcase classname="backend.tests.test_iter7_main_quests.TestCheckCompletion" name="test_check_completion_idempotent_no_progress" time="0.163" /><testcase classname="backend.tests.test_iter7_main_quests.TestCheckCompletion" name="test_check_completion_requires_auth" time="0.120" /></testsuite></testsuites>