<?xml version="1.0" encoding="utf-8"?><testsuites name="pytest tests"><testsuite name="pytest" errors="0" failures="1" skipped="0" tests="54" time="16.324" timestamp="2026-06-06T01:00:59.906517+00:00" hostname="agent-env-a6d374ed-287e-4b50-b157-e1fd26f24a45"><testcase classname="backend.tests.test_andeor_api.TestAuth" name="test_root" time="0.521" /><testcase classname="backend.tests.test_andeor_api.TestAuth" name="test_register_duplicate" time="0.413" /><testcase classname="backend.tests.test_andeor_api.TestAuth" name="test_login_invalid" time="0.079" /><testcase classname="backend.tests.test_andeor_api.TestAuth" name="test_me" time="0.079" /><testcase classname="backend.tests.test_andeor_api.TestAuth" name="test_me_unauthenticated" time="0.081" /><testcase classname="backend.tests.test_andeor_api.TestAuth" name="test_admin_login_role" time="0.362" /><testcase classname="backend.tests.test_andeor_api.TestCatalog" name="test_regions" time="0.072" /><testcase classname="backend.tests.test_andeor_api.TestCatalog" name="test_tours" time="0.085" /><testcase classname="backend.tests.test_andeor_api.TestCatalog" name="test_tour_detail" time="0.097" /><testcase classname="backend.tests.test_andeor_api.TestCatalog" name="test_tour_404" time="0.067" /><testcase classname="backend.tests.test_andeor_api.TestCatalog" name="test_quests_requires_auth" time="0.060" /><testcase classname="backend.tests.test_andeor_api.TestCatalog" name="test_quests_authed" time="0.035" /><testcase classname="backend.tests.test_andeor_api.TestBookingFlow" name="test_create_booking" time="0.131" /><testcase classname="backend.tests.test_andeor_api.TestBookingFlow" name="test_create_booking_invalid_tour" time="0.045" /><testcase classname="backend.tests.test_andeor_api.TestBookingFlow" name="test_complete_awards_xp_and_unlocks" time="0.087" /><testcase classname="backend.tests.test_andeor_api.TestBookingFlow" name="test_complete_idempotent" time="0.044" /><testcase classname="backend.tests.test_andeor_api.TestRewards" name="test_list_my_rewards" time="0.077" /><testcase classname="backend.tests.test_andeor_api.TestRewards" name="test_redeem" time="0.126" /><testcase classname="backend.tests.test_andeor_api.TestRewards" name="test_redeem_unknown" time="0.079" /><testcase classname="backend.tests.test_andeor_api.TestLeaderboard" name="test_leaderboard_excludes_admin" time="0.086" /><testcase classname="backend.tests.test_andeor_api.TestChat" name="test_chat_unauth" time="0.055" /><testcase classname="backend.tests.test_andeor_api.TestChat" name="test_chat_reply" time="3.066" /><testcase classname="backend.tests.test_andeor_api.TestChat" name="test_chat_history" time="1.041" /><testcase classname="backend.tests.test_andeor_api.TestAdmin" name="test_admin_only_blocks_player" time="0.046" /><testcase classname="backend.tests.test_andeor_api.TestAdmin" name="test_admin_bookings" time="0.030" /><testcase classname="backend.tests.test_andeor_api.TestAdmin" name="test_admin_users" time="0.028" /><testcase classname="backend.tests.test_andeor_api.TestLogout" name="test_logout_clears" time="0.449" /><testcase classname="backend.tests.test_iteration2_prologue.TestPublicUserShape" name="test_register_returns_avatar_and_tutorial_fields" time="0.314" /><testcase classname="backend.tests.test_iteration2_prologue.TestPublicUserShape" name="test_me_includes_new_fields" time="0.069" /><testcase classname="backend.tests.test_iteration2_prologue.TestRegisterWithOptionalFields" name="test_register_with_avatar_and_tutorial" time="0.302" /><testcase classname="backend.tests.test_iteration2_prologue.TestRegisterWithOptionalFields" name="test_register_backward_compatible" time="0.294" /><testcase classname="backend.tests.test_iteration2_prologue.TestPatchMe" name="test_unauthenticated_returns_401" time="0.079" /><testcase classname="backend.tests.test_iteration2_prologue.TestPatchMe" name="test_patch_avatar" time="0.093" /><testcase classname="backend.tests.test_iteration2_prologue.TestPatchMe" name="test_patch_name" time="0.131" /><testcase classname="backend.tests.test_iteration2_prologue.TestPatchMe" name="test_patch_tutorial_completed" time="0.135" /><testcase classname="backend.tests.test_iteration2_prologue.TestPatchMe" name="test_patch_combined" time="0.074" /><testcase classname="backend.tests.test_iteration2_prologue.TestPatchMe" name="test_patch_empty_body_is_noop" time="0.135" /><testcase classname="backend.tests.test_iteration2_prologue.TestAdminSeed" name="test_admin_has_avatar_and_tutorial_completed" time="0.289"><failure message="AssertionError: admin avatar should be 'scholar', got hiker&#10;assert 'hiker' == 'scholar'&#10;  &#10;  - scholar&#10;  + hiker">backend/tests/test_iteration2_prologue.py:148: in test_admin_has_avatar_and_tutorial_completed
    assert u["avatar"] == "scholar", f"admin avatar should be 'scholar', got {u['avatar']}"
E   AssertionError: admin avatar should be 'scholar', got hiker
E   assert 'hiker' == 'scholar'
E     
E     - scholar
E     + hiker</failure></testcase><testcase classname="backend.tests.test_iteration3_checkin.TestPublicToursNoPin" name="test_list_tours_excludes_guide_pin" time="0.056" /><testcase classname="backend.tests.test_iteration3_checkin.TestPublicToursNoPin" name="test_get_tour_excludes_guide_pin" time="0.452" /><testcase classname="backend.tests.test_iteration3_checkin.TestAdminTours" name="test_admin_tours_blocks_anonymous" time="0.107" /><testcase classname="backend.tests.test_iteration3_checkin.TestAdminTours" name="test_admin_tours_blocks_player" time="0.361" /><testcase classname="backend.tests.test_iteration3_checkin.TestAdminTours" name="test_admin_tours_returns_pins" time="0.315" /><testcase classname="backend.tests.test_iteration3_checkin.TestCompleteAdminOnly" name="test_player_complete_forbidden" time="0.106" /><testcase classname="backend.tests.test_iteration3_checkin.TestCompleteAdminOnly" name="test_admin_can_force_complete" time="0.098" /><testcase classname="backend.tests.test_iteration3_checkin.TestCheckIn" name="test_checkin_correct_pin" time="0.491" /><testcase classname="backend.tests.test_iteration3_checkin.TestCheckIn" name="test_checkin_wrong_pin" time="0.388" /><testcase classname="backend.tests.test_iteration3_checkin.TestCheckIn" name="test_checkin_case_insensitive" time="0.444" /><testcase classname="backend.tests.test_iteration3_checkin.TestCheckIn" name="test_checkin_other_users_booking_forbidden" time="0.784" /><testcase classname="backend.tests.test_iteration3_checkin.TestCheckIn" name="test_checkin_nonexistent_booking" time="0.362" /><testcase classname="backend.tests.test_iteration3_checkin.TestCheckIn" name="test_checkin_unauthenticated" time="0.061" /><testcase classname="backend.tests.test_iteration3_checkin.TestCheckIn" name="test_all_pins_work" time="2.207" /><testcase classname="backend.tests.test_iteration3_checkin.TestAvatarSwap" name="test_patch_me_avatar_updates_and_persists" time="0.667" /><testcase classname="backend.tests.test_iteration3_checkin.TestAvatarSwap" name="test_patch_me_unauthenticated" time="0.059" /></testsuite></testsuites>