<?xml version="1.0" encoding="utf-8"?><testsuites name="pytest tests"><testsuite name="pytest" errors="0" failures="0" skipped="0" tests="38" time="9.330" timestamp="2026-06-06T00:23:04.503861+00:00" hostname="agent-env-a6d374ed-287e-4b50-b157-e1fd26f24a45"><testcase classname="backend.tests.test_iteration2_prologue.TestPublicUserShape" name="test_register_returns_avatar_and_tutorial_fields" time="0.519" /><testcase classname="backend.tests.test_iteration2_prologue.TestPublicUserShape" name="test_me_includes_new_fields" time="0.076" /><testcase classname="backend.tests.test_iteration2_prologue.TestRegisterWithOptionalFields" name="test_register_with_avatar_and_tutorial" time="0.311" /><testcase classname="backend.tests.test_iteration2_prologue.TestRegisterWithOptionalFields" name="test_register_backward_compatible" time="0.291" /><testcase classname="backend.tests.test_iteration2_prologue.TestPatchMe" name="test_unauthenticated_returns_401" time="0.086" /><testcase classname="backend.tests.test_iteration2_prologue.TestPatchMe" name="test_patch_avatar" time="0.150" /><testcase classname="backend.tests.test_iteration2_prologue.TestPatchMe" name="test_patch_name" time="0.146" /><testcase classname="backend.tests.test_iteration2_prologue.TestPatchMe" name="test_patch_tutorial_completed" time="0.145" /><testcase classname="backend.tests.test_iteration2_prologue.TestPatchMe" name="test_patch_combined" time="0.073" /><testcase classname="backend.tests.test_iteration2_prologue.TestPatchMe" name="test_patch_empty_body_is_noop" time="0.144" /><testcase classname="backend.tests.test_iteration2_prologue.TestAdminSeed" name="test_admin_has_avatar_and_tutorial_completed" time="0.305" /><testcase classname="backend.tests.test_andeor_api.TestAuth" name="test_root" time="0.094" /><testcase classname="backend.tests.test_andeor_api.TestAuth" name="test_register_duplicate" time="0.394" /><testcase classname="backend.tests.test_andeor_api.TestAuth" name="test_login_invalid" time="0.070" /><testcase classname="backend.tests.test_andeor_api.TestAuth" name="test_me" time="0.066" /><testcase classname="backend.tests.test_andeor_api.TestAuth" name="test_me_unauthenticated" time="0.059" /><testcase classname="backend.tests.test_andeor_api.TestAuth" name="test_admin_login_role" time="0.375" /><testcase classname="backend.tests.test_andeor_api.TestCatalog" name="test_regions" time="0.074" /><testcase classname="backend.tests.test_andeor_api.TestCatalog" name="test_tours" time="0.071" /><testcase classname="backend.tests.test_andeor_api.TestCatalog" name="test_tour_detail" time="0.086" /><testcase classname="backend.tests.test_andeor_api.TestCatalog" name="test_tour_404" time="0.063" /><testcase classname="backend.tests.test_andeor_api.TestCatalog" name="test_quests_requires_auth" time="0.059" /><testcase classname="backend.tests.test_andeor_api.TestCatalog" name="test_quests_authed" time="0.023" /><testcase classname="backend.tests.test_andeor_api.TestBookingFlow" name="test_create_booking" time="0.562" /><testcase classname="backend.tests.test_andeor_api.TestBookingFlow" name="test_create_booking_invalid_tour" time="0.068" /><testcase classname="backend.tests.test_andeor_api.TestBookingFlow" name="test_complete_awards_xp_and_unlocks" time="0.135" /><testcase classname="backend.tests.test_andeor_api.TestBookingFlow" name="test_complete_idempotent" time="0.065" /><testcase classname="backend.tests.test_andeor_api.TestRewards" name="test_list_my_rewards" time="0.068" /><testcase classname="backend.tests.test_andeor_api.TestRewards" name="test_redeem" time="0.139" /><testcase classname="backend.tests.test_andeor_api.TestRewards" name="test_redeem_unknown" time="0.076" /><testcase classname="backend.tests.test_andeor_api.TestLeaderboard" name="test_leaderboard_excludes_admin" time="0.059" /><testcase classname="backend.tests.test_andeor_api.TestChat" name="test_chat_unauth" time="0.062" /><testcase classname="backend.tests.test_andeor_api.TestChat" name="test_chat_reply" time="2.720" /><testcase classname="backend.tests.test_andeor_api.TestChat" name="test_chat_history" time="1.031" /><testcase classname="backend.tests.test_andeor_api.TestAdmin" name="test_admin_only_blocks_player" time="0.066" /><testcase classname="backend.tests.test_andeor_api.TestAdmin" name="test_admin_bookings" time="0.031" /><testcase classname="backend.tests.test_andeor_api.TestAdmin" name="test_admin_users" time="0.038" /><testcase classname="backend.tests.test_andeor_api.TestLogout" name="test_logout_clears" time="0.442" /></testsuite></testsuites>