<?xml version="1.0" encoding="utf-8"?><testsuites name="pytest tests"><testsuite name="pytest" errors="0" failures="0" skipped="0" tests="54" time="16.453" timestamp="2026-06-06T00:40:26.906927+00:00" hostname="agent-env-a6d374ed-287e-4b50-b157-e1fd26f24a45"><testcase classname="backend.tests.test_andeor_api.TestAuth" name="test_root" time="0.093" /><testcase classname="backend.tests.test_andeor_api.TestAuth" name="test_register_duplicate" time="0.348" /><testcase classname="backend.tests.test_andeor_api.TestAuth" name="test_login_invalid" time="0.070" /><testcase classname="backend.tests.test_andeor_api.TestAuth" name="test_me" time="0.026" /><testcase classname="backend.tests.test_andeor_api.TestAuth" name="test_me_unauthenticated" time="0.077" /><testcase classname="backend.tests.test_andeor_api.TestAuth" name="test_admin_login_role" time="0.379" /><testcase classname="backend.tests.test_andeor_api.TestCatalog" name="test_regions" time="0.061" /><testcase classname="backend.tests.test_andeor_api.TestCatalog" name="test_tours" time="0.061" /><testcase classname="backend.tests.test_andeor_api.TestCatalog" name="test_tour_detail" time="0.077" /><testcase classname="backend.tests.test_andeor_api.TestCatalog" name="test_tour_404" time="0.073" /><testcase classname="backend.tests.test_andeor_api.TestCatalog" name="test_quests_requires_auth" time="0.075" /><testcase classname="backend.tests.test_andeor_api.TestCatalog" name="test_quests_authed" time="0.066" /><testcase classname="backend.tests.test_andeor_api.TestBookingFlow" name="test_create_booking" time="0.131" /><testcase classname="backend.tests.test_andeor_api.TestBookingFlow" name="test_create_booking_invalid_tour" time="0.065" /><testcase classname="backend.tests.test_andeor_api.TestBookingFlow" name="test_complete_awards_xp_and_unlocks" time="0.134" /><testcase classname="backend.tests.test_andeor_api.TestBookingFlow" name="test_complete_idempotent" time="0.064" /><testcase classname="backend.tests.test_andeor_api.TestRewards" name="test_list_my_rewards" time="0.068" /><testcase classname="backend.tests.test_andeor_api.TestRewards" name="test_redeem" time="0.131" /><testcase classname="backend.tests.test_andeor_api.TestRewards" name="test_redeem_unknown" time="0.065" /><testcase classname="backend.tests.test_andeor_api.TestLeaderboard" name="test_leaderboard_excludes_admin" time="0.074" /><testcase classname="backend.tests.test_andeor_api.TestChat" name="test_chat_unauth" time="0.057" /><testcase classname="backend.tests.test_andeor_api.TestChat" name="test_chat_reply" time="3.813" /><testcase classname="backend.tests.test_andeor_api.TestChat" name="test_chat_history" time="1.027" /><testcase classname="backend.tests.test_andeor_api.TestAdmin" name="test_admin_only_blocks_player" time="0.065" /><testcase classname="backend.tests.test_andeor_api.TestAdmin" name="test_admin_bookings" time="0.045" /><testcase classname="backend.tests.test_andeor_api.TestAdmin" name="test_admin_users" time="0.037" /><testcase classname="backend.tests.test_andeor_api.TestLogout" name="test_logout_clears" time="0.428" /><testcase classname="backend.tests.test_iteration2_prologue.TestPublicUserShape" name="test_register_returns_avatar_and_tutorial_fields" time="0.286" /><testcase classname="backend.tests.test_iteration2_prologue.TestPublicUserShape" name="test_me_includes_new_fields" time="0.066" /><testcase classname="backend.tests.test_iteration2_prologue.TestRegisterWithOptionalFields" name="test_register_with_avatar_and_tutorial" time="0.288" /><testcase classname="backend.tests.test_iteration2_prologue.TestRegisterWithOptionalFields" name="test_register_backward_compatible" time="0.304" /><testcase classname="backend.tests.test_iteration2_prologue.TestPatchMe" name="test_unauthenticated_returns_401" time="0.064" /><testcase classname="backend.tests.test_iteration2_prologue.TestPatchMe" name="test_patch_avatar" time="0.130" /><testcase classname="backend.tests.test_iteration2_prologue.TestPatchMe" name="test_patch_name" time="0.131" /><testcase classname="backend.tests.test_iteration2_prologue.TestPatchMe" name="test_patch_tutorial_completed" time="0.142" /><testcase classname="backend.tests.test_iteration2_prologue.TestPatchMe" name="test_patch_combined" time="0.071" /><testcase classname="backend.tests.test_iteration2_prologue.TestPatchMe" name="test_patch_empty_body_is_noop" time="0.134" /><testcase classname="backend.tests.test_iteration2_prologue.TestAdminSeed" name="test_admin_has_avatar_and_tutorial_completed" time="0.289" /><testcase classname="backend.tests.test_iteration3_checkin.TestPublicToursNoPin" name="test_list_tours_excludes_guide_pin" time="0.115" /><testcase classname="backend.tests.test_iteration3_checkin.TestPublicToursNoPin" name="test_get_tour_excludes_guide_pin" time="0.364" /><testcase classname="backend.tests.test_iteration3_checkin.TestAdminTours" name="test_admin_tours_blocks_anonymous" time="0.080" /><testcase classname="backend.tests.test_iteration3_checkin.TestAdminTours" name="test_admin_tours_blocks_player" time="0.365" /><testcase classname="backend.tests.test_iteration3_checkin.TestAdminTours" name="test_admin_tours_returns_pins" time="0.316" /><testcase classname="backend.tests.test_iteration3_checkin.TestCompleteAdminOnly" name="test_player_complete_forbidden" time="0.105" /><testcase classname="backend.tests.test_iteration3_checkin.TestCompleteAdminOnly" name="test_admin_can_force_complete" time="0.103" /><testcase classname="backend.tests.test_iteration3_checkin.TestCheckIn" name="test_checkin_correct_pin" time="0.498" /><testcase classname="backend.tests.test_iteration3_checkin.TestCheckIn" name="test_checkin_wrong_pin" time="0.462" /><testcase classname="backend.tests.test_iteration3_checkin.TestCheckIn" name="test_checkin_case_insensitive" time="0.443" /><testcase classname="backend.tests.test_iteration3_checkin.TestCheckIn" name="test_checkin_other_users_booking_forbidden" time="0.672" /><testcase classname="backend.tests.test_iteration3_checkin.TestCheckIn" name="test_checkin_nonexistent_booking" time="0.339" /><testcase classname="backend.tests.test_iteration3_checkin.TestCheckIn" name="test_checkin_unauthenticated" time="0.086" /><testcase classname="backend.tests.test_iteration3_checkin.TestCheckIn" name="test_all_pins_work" time="2.168" /><testcase classname="backend.tests.test_iteration3_checkin.TestAvatarSwap" name="test_patch_me_avatar_updates_and_persists" time="0.642" /><testcase classname="backend.tests.test_iteration3_checkin.TestAvatarSwap" name="test_patch_me_unauthenticated" time="0.064" /></testsuite></testsuites>